Using pre-set license
Built from '2020.3/staging' branch; Version is '2020.3.9f1 (108be757e447) revision 1084391'; Using compiler version '192528614'; Build Type 'Release'
OS: 'Windows 10 Home; OS build 19041.985; Version 2004; 64bit' Language: 'fr' Physical Memory: 8127 MB
BatchMode: 1, IsHumanControllingUs: 0, StartBugReporterOnCrash: 0, Is64bit: 1, IsPro: 0

 COMMAND LINE ARGUMENTS:
D:\Program Files (x86)\2020.3.9f1\Editor\Unity.exe
-adb2
-batchMode
-noUpm
-name
AssetImportWorker0
-projectPath
D:/GitHub/Unity-M2105
-logFile
Logs/AssetImportWorker0.log
-srvPort
49542
Successfully changed project path to: D:/GitHub/Unity-M2105
D:/GitHub/Unity-M2105
Using Asset Import Pipeline V2.
Refreshing native plugins compatible for Editor in 34.43 ms, found 0 plugins.
Preloading 0 native plugins for Editor in 0.00 ms.
Initialize engine version: 2020.3.9f1 (108be757e447)
[Subsystems] Discovering subsystems at path D:/Program Files (x86)/2020.3.9f1/Editor/Data/Resources/UnitySubsystems
[Subsystems] Discovering subsystems at path D:/GitHub/Unity-M2105/Assets
GfxDevice: creating device client; threaded=0
Direct3D:
    Version:  Direct3D 11.0 [level 11.1]
    Renderer: NVIDIA GeForce GTX 1060 3GB (ID=0x1c02)
    Vendor:   
    VRAM:     2988 MB
    Driver:   26.21.14.4575
Initialize mono
Mono path[0] = 'D:/Program Files (x86)/2020.3.9f1/Editor/Data/Managed'
Mono path[1] = 'D:/Program Files (x86)/2020.3.9f1/Editor/Data/MonoBleedingEdge/lib/mono/unityjit'
Mono config path = 'D:/Program Files (x86)/2020.3.9f1/Editor/Data/MonoBleedingEdge/etc'
Using monoOptions --debugger-agent=transport=dt_socket,embedding=1,server=y,suspend=n,address=127.0.0.1:56904
Begin MonoManager ReloadAssembly
Registering precompiled unity dll's ...
Register platform support module: D:/Program Files (x86)/2020.3.9f1/Editor/Data/PlaybackEngines/WebGLSupport/UnityEditor.WebGL.Extensions.dll
Register platform support module: D:/Program Files (x86)/2020.3.9f1/Editor/Data/PlaybackEngines/WindowsStandaloneSupport/UnityEditor.WindowsStandalone.Extensions.dll
Registered in 0.001891 seconds.
Native extension for WindowsStandalone target not found
Native extension for WebGL target not found
Refreshing native plugins compatible for Editor in 28.38 ms, found 0 plugins.
Preloading 0 native plugins for Editor in 0.00 ms.
Mono: successfully reloaded assembly
- Completed reload, in  1.226 seconds
Platform modules already initialized, skipping
Registering precompiled user dll's ...
Registered in 0.000864 seconds.
Begin MonoManager ReloadAssembly
Native extension for WindowsStandalone target not found
Native extension for WebGL target not found
Refreshing native plugins compatible for Editor in 29.83 ms, found 0 plugins.
Preloading 0 native plugins for Editor in 0.00 ms.
Mono: successfully reloaded assembly
- Completed reload, in  1.189 seconds
Platform modules already initialized, skipping
========================================================================
Worker process is ready to serve import requests
Launched and connected shader compiler UnityShaderCompiler.exe after 0.10 seconds
Refreshing native plugins compatible for Editor in 0.27 ms, found 0 plugins.
Preloading 0 native plugins for Editor in 0.00 ms.
Unloading 1225 Unused Serialized files (Serialized files now loaded: 0)
System memory in use before: 60.8 MB.
System memory in use after: 60.9 MB.

Unloading 10 unused Assets to reduce memory usage. Loaded Objects now: 1668.
Total: 1.761200 ms (FindLiveObjects: 0.130000 ms CreateObjectMapping: 0.040000 ms MarkObjects: 1.465600 ms  DeleteObjects: 0.124500 ms)

========================================================================
Received Import Request.
  path: Assets/Assets.index
  artifactKey: Guid(bbe401f5e8314254ca4f3193b544ee4b) Importer(815301076,1909f56bfc062723c751e8b465ee728b)
Start importing Assets/Assets.index using Guid(bbe401f5e8314254ca4f3193b544ee4b) Importer(815301076,1909f56bfc062723c751e8b465ee728b)  -> (artifact id: 'd5ee212676a50f7ebf8f91ca48604de9') in 0.084407 seconds
  Import took 0.114581 seconds .

========================================================================
Received Import Request.
  Time since last request: 32.895422 seconds.
  path: Assets/Assets.index
  artifactKey: Guid(bbe401f5e8314254ca4f3193b544ee4b) Importer(815301076,1909f56bfc062723c751e8b465ee728b)
Start importing Assets/Assets.index using Guid(bbe401f5e8314254ca4f3193b544ee4b) Importer(815301076,1909f56bfc062723c751e8b465ee728b)  -> (artifact id: '199a166473f5dd2bcfcda45574bc89af') in 0.009208 seconds
  Import took 0.028440 seconds .

AssetImportWorkerClient::OnTransportError - code=2 error=End of file
